<?xml version="1.0" encoding="UTF-8" ?>
<testsuite failures="0" time="0.031" errors="0" skipped="0" tests="5" name="ua.kiev.kpi.sc.parser.ext.scope.ScopeTest">
  <properties>
[...]
</properties>
  <testcase time="0.016" classname="ua.kiev.kpi.sc.parser.ext.scope.ScopeTest" name="testParentAndChildScopesHaveSameName"/>
  <testcase time="0.015" classname="ua.kiev.kpi.sc.parser.ext.scope.ScopeTest" name="testVarRedefinitionInSameScope"/>
  <testcase time="0" classname="ua.kiev.kpi.sc.parser.ext.scope.ScopeTest" name="testSameArgsRestricted"/>
  <testcase time="0" classname="ua.kiev.kpi.sc.parser.ext.scope.ScopeTest" name="testDifferentArgsAllowed"/>
  <testcase time="0" classname="ua.kiev.kpi.sc.parser.ext.scope.ScopeTest" name="testVarAndFuncHaveSimilarNames"/>
</testsuite>